<?xml version="1.0" encoding="UTF-8"?>
<testsuite name="com.example.inventory.integration.RedisDistributedLockIntegrationTest" tests="2" skipped="0" failures="0" errors="0" timestamp="2026-08-04T13:07:01" hostname="DESKTOP-APGR6KO" time="1.599">
  <properties/>
  <testcase name="shouldNotReleaseLock_whenValueDoesNotMatch()" classname="com.example.inventory.integration.RedisDistributedLockIntegrationTest" time="1.45"/>
  <testcase name="shouldAcquireAndReleaseLock()" classname="com.example.inventory.integration.RedisDistributedLockIntegrationTest" time="0.143"/>
  <system-out><![CDATA[2026-08-04T20:07:01.847+07:00  INFO 78979 --- [inventory-service] [    Test worker] t.c.s.AnnotationConfigContextLoaderUtils : Could not detect default configuration classes for test class [com.example.inventory.integration.RedisDistributedLockIntegrationTest]: RedisDistributedLockIntegrationTest does not declare any static, non-private, non-final, nested classes annotated with @Configuration.
2026-08-04T20:07:01.851+07:00  INFO 78979 --- [inventory-service] [    Test worker] .b.t.c.SpringBootTestContextBootstrapper : Found @SpringBootConfiguration com.example.inventory.InventoryApplication for test class com.example.inventory.integration.RedisDistributedLockIntegrationTest
]]></system-out>
  <system-err><![CDATA[]]></system-err>
</testsuite>
