<?xml version="1.0" encoding="UTF-8"?>
<testsuite name="com.example.catalog.web.OrganizerEventControllerTest" tests="4" skipped="0" failures="0" errors="0" timestamp="2026-08-04T13:12:58" hostname="DESKTOP-APGR6KO" time="0.394">
  <properties/>
  <testcase name="shouldCreateEvent_whenUserIsOrganizer()" classname="com.example.catalog.web.OrganizerEventControllerTest" time="0.327"/>
  <testcase name="shouldReturn401_whenUnauthorizedUserTriesToCreateEvent()" classname="com.example.catalog.web.OrganizerEventControllerTest" time="0.016"/>
  <testcase name="shouldPublishEvent_whenUserIsOrganizer()" classname="com.example.catalog.web.OrganizerEventControllerTest" time="0.018"/>
  <testcase name="shouldReturn403_whenCustomerTriesToCreateEvent()" classname="com.example.catalog.web.OrganizerEventControllerTest" time="0.017"/>
  <system-out><![CDATA[2026-08-04T20:12:57.481+07:00  INFO 81258 --- [catalog-service] [    Test worker] t.c.s.AnnotationConfigContextLoaderUtils : Could not detect default configuration classes for test class [com.example.catalog.web.OrganizerEventControllerTest]: OrganizerEventControllerTest does not declare any static, non-private, non-final, nested classes annotated with @Configuration.
2026-08-04T20:12:57.508+07:00  INFO 81258 --- [catalog-service] [    Test worker] .b.t.c.SpringBootTestContextBootstrapper : Found @SpringBootConfiguration com.example.catalog.CatalogApplication for test class com.example.catalog.web.OrganizerEventControllerTest

  .   ____          _            __ _ _
 /\\ / ___'_ __ _ _(_)_ __  __ _ \ \ \ \
( ( )\___ | '_ | '_| | '_ \/ _` | \ \ \ \
 \\/  ___)| |_)| | | | | || (_| |  ) ) ) )
  '  |____| .__|_| |_|_| |_\__, | / / / /
 =========|_|==============|___/=/_/_/_/
 :: Spring Boot ::                (v3.2.3)

2026-08-04T20:12:57.590+07:00  INFO 81258 --- [catalog-service] [    Test worker] c.e.c.web.OrganizerEventControllerTest   : Starting OrganizerEventControllerTest using Java 21.0.11 with PID 81258 (started by lucky in /home/lucky/Project/event_ticket/services/catalog-service)
2026-08-04T20:12:57.590+07:00  INFO 81258 --- [catalog-service] [    Test worker] c.e.c.web.OrganizerEventControllerTest   : The following 1 profile is active: "test"
2026-08-04T20:12:58.685+07:00  INFO 81258 --- [catalog-service] [    Test worker] o.s.s.web.DefaultSecurityFilterChain     : Will secure any request with [org.springframework.security.web.session.DisableEncodeUrlFilter@7a7fdc1a, org.springframework.security.web.context.request.async.WebAsyncManagerIntegrationFilter@28f5a003, org.springframework.security.web.context.SecurityContextHolderFilter@1a920154, org.springframework.security.web.header.HeaderWriterFilter@1c0f32ad, org.springframework.web.filter.CorsFilter@3220ffb, org.springframework.security.web.authentication.logout.LogoutFilter@7aa44fa2, org.springframework.security.oauth2.server.resource.web.authentication.BearerTokenAuthenticationFilter@227e4ea8, org.springframework.security.web.savedrequest.RequestCacheAwareFilter@e870ac9, org.springframework.security.web.servletapi.SecurityContextHolderAwareRequestFilter@6b78cbee, org.springframework.security.web.authentication.AnonymousAuthenticationFilter@53791a39, org.springframework.security.web.session.SessionManagementFilter@5a4833ab, org.springframework.security.web.access.ExceptionTranslationFilter@6dcf39c6, org.springframework.security.web.access.intercept.AuthorizationFilter@61c946a0]
2026-08-04T20:12:58.911+07:00  INFO 81258 --- [catalog-service] [    Test worker] o.s.b.t.m.w.SpringBootMockServletContext : Initializing Spring TestDispatcherServlet ''
2026-08-04T20:12:58.912+07:00  INFO 81258 --- [catalog-service] [    Test worker] o.s.t.web.servlet.TestDispatcherServlet  : Initializing Servlet ''
2026-08-04T20:12:58.919+07:00  INFO 81258 --- [catalog-service] [    Test worker] o.s.t.web.servlet.TestDispatcherServlet  : Completed initialization in 7 ms
2026-08-04T20:12:58.943+07:00  INFO 81258 --- [catalog-service] [    Test worker] c.e.c.web.OrganizerEventControllerTest   : Started OrganizerEventControllerTest in 1.426 seconds (process running for 33.047)
]]></system-out>
  <system-err><![CDATA[]]></system-err>
</testsuite>
