<?xml version="1.0" encoding="UTF-8"?>
<testsuite name="com.example.catalog.integration.MongoEventRepositoryIntegrationTest" tests="3" skipped="0" failures="0" errors="0" timestamp="2026-08-04T13:12:44" hostname="DESKTOP-APGR6KO" time="2.167">
  <properties/>
  <testcase name="shouldSaveAndRetrieveEvent()" classname="com.example.catalog.integration.MongoEventRepositoryIntegrationTest" time="2.047"/>
  <testcase name="shouldNotReturnDraftEvents_inPublishedQuery()" classname="com.example.catalog.integration.MongoEventRepositoryIntegrationTest" time="0.064"/>
  <testcase name="shouldFindPublishedEventsByCity()" classname="com.example.catalog.integration.MongoEventRepositoryIntegrationTest" time="0.051"/>
  <system-out><![CDATA[20:12:28.302 [Test worker] INFO org.springframework.test.context.support.AnnotationConfigContextLoaderUtils -- Could not detect default configuration classes for test class [com.example.catalog.integration.MongoEventRepositoryIntegrationTest]: MongoEventRepositoryIntegrationTest does not declare any static, non-private, non-final, nested classes annotated with @Configuration.
20:12:28.611 [Test worker] INFO org.springframework.boot.test.context.SpringBootTestContextBootstrapper -- Found @SpringBootConfiguration com.example.catalog.CatalogApplication for test class com.example.catalog.integration.MongoEventRepositoryIntegrationTest
20:12:28.809 [Test worker] INFO org.testcontainers.images.PullPolicy -- Image pull policy will be performed by: DefaultPullPolicy()
20:12:28.817 [Test worker] INFO org.testcontainers.utility.ImageNameSubstitutor -- Image name substitution will be performed by: DefaultImageNameSubstitutor (composite of 'ConfigurationFileImageNameSubstitutor' and 'PrefixingImageNameSubstitutor')
20:12:30.055 [Test worker] INFO org.testcontainers.dockerclient.DockerClientProviderStrategy -- Found Docker environment with Environment variables, system properties and defaults. Resolved dockerHost=unix:///var/run/docker.sock
20:12:30.059 [Test worker] INFO org.testcontainers.DockerClientFactory -- Docker host IP address is localhost
20:12:30.144 [Test worker] INFO org.testcontainers.DockerClientFactory -- Connected to docker: 
  Server Version: 29.3.0
  API Version: 1.54
  Operating System: Ubuntu 24.04.4 LTS
  Total Memory: 7823 MB
20:12:30.174 [Test worker] INFO org.testcontainers.DockerClientFactory -- Checking the system...
20:12:30.176 [Test worker] INFO org.testcontainers.DockerClientFactory -- ✔︎ Docker server version should be at least 1.6.0
20:12:32.167 [Test worker] INFO tc.mongo:7.0 -- Creating container for image: mongo:7.0
20:12:32.186 [Test worker] INFO org.testcontainers.utility.RegistryAuthLocator -- Failure when attempting to lookup auth config. Please ignore if you don't have images in an authenticated registry. Details: (dockerImageName: mongo:7.0, configFile: /home/lucky/.docker/config.json, configEnv: DOCKER_AUTH_CONFIG). Falling back to docker-java default behaviour. Exception message: Status 404: No config supplied. Checked in order: /home/lucky/.docker/config.json (file not found), DOCKER_AUTH_CONFIG (not set)
20:12:32.254 [Test worker] INFO tc.testcontainers/ryuk:0.6.0 -- Creating container for image: testcontainers/ryuk:0.6.0
20:12:32.910 [Test worker] INFO tc.testcontainers/ryuk:0.6.0 -- Container testcontainers/ryuk:0.6.0 is starting: 758bcf881ee5b9196028e926adc8c511efba76ad8a9376c4b3a7b259313e942c
20:12:34.459 [Test worker] INFO tc.testcontainers/ryuk:0.6.0 -- Container testcontainers/ryuk:0.6.0 started in PT2.204171837S
20:12:34.989 [Test worker] INFO tc.mongo:7.0 -- Container mongo:7.0 is starting: a54c47a0a221598009ac2594954a46f0e4728b4f96ae7c1194b444008efa33a9
20:12:37.468 [Test worker] INFO tc.mongo:7.0 -- Container mongo:7.0 started in PT5.300745049S

  .   ____          _            __ _ _
 /\\ / ___'_ __ _ _(_)_ __  __ _ \ \ \ \
( ( )\___ | '_ | '_| | '_ \/ _` | \ \ \ \
 \\/  ___)| |_)| | | | | || (_| |  ) ) ) )
  '  |____| .__|_| |_|_| |_\__, | / / / /
 =========|_|==============|___/=/_/_/_/
 :: Spring Boot ::                (v3.2.3)

2026-08-04T20:12:41.854+07:00  INFO 81258 --- [catalog-service] [    Test worker] .c.i.MongoEventRepositoryIntegrationTest : Starting MongoEventRepositoryIntegrationTest using Java 21.0.11 with PID 81258 (started by lucky in /home/lucky/Project/event_ticket/services/catalog-service)
2026-08-04T20:12:41.858+07:00  INFO 81258 --- [catalog-service] [    Test worker] .c.i.MongoEventRepositoryIntegrationTest : The following 1 profile is active: "test"
2026-08-04T20:12:42.799+07:00  INFO 81258 --- [catalog-service] [    Test worker] .s.d.r.c.RepositoryConfigurationDelegate : Bootstrapping Spring Data MongoDB repositories in DEFAULT mode.
2026-08-04T20:12:42.985+07:00  INFO 81258 --- [catalog-service] [    Test worker] .s.d.r.c.RepositoryConfigurationDelegate : Finished Spring Data repository scanning in 174 ms. Found 1 MongoDB repository interface.
2026-08-04T20:12:43.796+07:00  INFO 81258 --- [catalog-service] [    Test worker] org.mongodb.driver.client                : MongoClient with metadata {"driver": {"name": "mongo-java-driver|sync|spring-boot", "version": "4.11.1"}, "os": {"type": "Linux", "name": "Linux", "architecture": "amd64", "version": "6.18.33.2-microsoft-standard-WSL2"}, "platform": "Java/Ubuntu/21.0.11+10-1-24.04.2-Ubuntu"} created with settings MongoClientSettings{readPreference=primary, writeConcern=WriteConcern{w=null, wTimeout=null ms, journal=null}, retryWrites=true, retryReads=true, readConcern=ReadConcern{level=null}, credential=null, transportSettings=null, streamFactoryFactory=null, commandListeners=[], codecRegistry=ProvidersCodecRegistry{codecProviders=[ValueCodecProvider{}, BsonValueCodecProvider{}, DBRefCodecProvider{}, DBObjectCodecProvider{}, DocumentCodecProvider{}, CollectionCodecProvider{}, IterableCodecProvider{}, MapCodecProvider{}, GeoJsonCodecProvider{}, GridFSFileCodecProvider{}, Jsr310CodecProvider{}, JsonObjectCodecProvider{}, BsonCodecProvider{}, EnumCodecProvider{}, com.mongodb.client.model.mql.ExpressionCodecProvider@11c7a0b4, com.mongodb.Jep395RecordCodecProvider@75ed125a, com.mongodb.KotlinCodecProvider@653a5967]}, loggerSettings=LoggerSettings{maxDocumentLength=1000}, clusterSettings={hosts=[localhost:32794], srvServiceName=mongodb, mode=SINGLE, requiredClusterType=UNKNOWN, requiredReplicaSetName='null', serverSelector='null', clusterListeners='[]', serverSelectionTimeout='30000 ms', localThreshold='15 ms'}, socketSettings=SocketSettings{connectTimeoutMS=10000, readTimeoutMS=0, receiveBufferSize=0, proxySettings=ProxySettings{host=null, port=null, username=null, password=null}}, heartbeatSocketSettings=SocketSettings{connectTimeoutMS=10000, readTimeoutMS=10000, receiveBufferSize=0, proxySettings=ProxySettings{host=null, port=null, username=null, password=null}}, connectionPoolSettings=ConnectionPoolSettings{maxSize=100, minSize=0, maxWaitTimeMS=120000, maxConnectionLifeTimeMS=0, maxConnectionIdleTimeMS=0, maintenanceInitialDelayMS=0, maintenanceFrequencyMS=60000, connectionPoolListeners=[], maxConnecting=2}, serverSettings=ServerSettings{heartbeatFrequencyMS=10000, minHeartbeatFrequencyMS=500, serverListeners='[]', serverMonitorListeners='[]'}, sslSettings=SslSettings{enabled=false, invalidHostNameAllowed=false, context=null}, applicationName='null', compressorList=[], uuidRepresentation=JAVA_LEGACY, serverApi=null, autoEncryptionSettings=null, dnsClient=null, inetAddressResolver=null, contextProvider=null}
2026-08-04T20:12:43.839+07:00  INFO 81258 --- [catalog-service] [localhost:32794] org.mongodb.driver.cluster               : Monitor thread successfully connected to server with description ServerDescription{address=localhost:32794, type=REPLICA_SET_PRIMARY, state=CONNECTED, ok=true, minWireVersion=0, maxWireVersion=21, maxDocumentSize=16777216, logicalSessionTimeoutMinutes=30, roundTripTimeNanos=65771837, setName='docker-rs', canonicalAddress=a54c47a0a221:27017, hosts=[a54c47a0a221:27017], passives=[], arbiters=[], primary='a54c47a0a221:27017', tagSet=TagSet{[]}, electionId=7fffffff0000000000000001, setVersion=1, topologyVersion=TopologyVersion{processId=6a71e544019dca5d97a7202d, counter=6}, lastWriteDate=Tue Aug 04 20:12:40 ICT 2026, lastUpdateTimeNanos=19976495253115}
2026-08-04T20:12:44.583+07:00  INFO 81258 --- [catalog-service] [    Test worker] .c.i.MongoEventRepositoryIntegrationTest : Started MongoEventRepositoryIntegrationTest in 3.291 seconds (process running for 18.686)
]]></system-out>
  <system-err><![CDATA[WARNING: A Java agent has been loaded dynamically (/home/lucky/.gradle/caches/modules-2/files-2.1/net.bytebuddy/byte-buddy-agent/1.14.12/be4984cb6fd1ef1d11f218a648889dfda44b8a15/byte-buddy-agent-1.14.12.jar)
WARNING: If a serviceability tool is in use, please run with -XX:+EnableDynamicAgentLoading to hide this warning
WARNING: If a serviceability tool is not in use, please run with -Djdk.instrument.traceUsage for more information
WARNING: Dynamic loading of agents will be disallowed by default in a future release
]]></system-err>
</testsuite>
