<?xml version="1.0" encoding="UTF-8"?>
<testsuite name="com.example.gateway.route.RouteConfigTest" tests="1" skipped="0" failures="0" errors="0" timestamp="2026-08-04T13:21:16" hostname="DESKTOP-APGR6KO" time="0.033">
  <properties/>
  <testcase name="shouldDefineAllRequiredRoutes()" classname="com.example.gateway.route.RouteConfigTest" time="0.033"/>
  <system-out><![CDATA[2026-08-04T20:21:11.812+07:00  INFO 87376 --- [api-gateway-service] [    Test worker] t.c.s.AnnotationConfigContextLoaderUtils : Could not detect default configuration classes for test class [com.example.gateway.route.RouteConfigTest]: RouteConfigTest does not declare any static, non-private, non-final, nested classes annotated with @Configuration.
2026-08-04T20:21:11.887+07:00  INFO 87376 --- [api-gateway-service] [    Test worker] .b.t.c.SpringBootTestContextBootstrapper : Found @SpringBootConfiguration com.example.gateway.GatewayApplication for test class com.example.gateway.route.RouteConfigTest

  .   ____          _            __ _ _
 /\\ / ___'_ __ _ _(_)_ __  __ _ \ \ \ \
( ( )\___ | '_ | '_| | '_ \/ _` | \ \ \ \
 \\/  ___)| |_)| | | | | || (_| |  ) ) ) )
  '  |____| .__|_| |_|_| |_\__, | / / / /
 =========|_|==============|___/=/_/_/_/
 :: Spring Boot ::                (v3.2.3)

2026-08-04T20:21:12.206+07:00  INFO 87376 --- [api-gateway-service] [    Test worker] c.example.gateway.route.RouteConfigTest  : Starting RouteConfigTest using Java 21.0.11 with PID 87376 (started by lucky in /home/lucky/Project/event_ticket/services/api-gateway-service)
2026-08-04T20:21:12.213+07:00  INFO 87376 --- [api-gateway-service] [    Test worker] c.example.gateway.route.RouteConfigTest  : The following 1 profile is active: "test"
2026-08-04T20:21:14.523+07:00  INFO 87376 --- [api-gateway-service] [    Test worker] .s.d.r.c.RepositoryConfigurationDelegate : Multiple Spring Data modules found, entering strict repository configuration mode
2026-08-04T20:21:14.524+07:00  INFO 87376 --- [api-gateway-service] [    Test worker] .s.d.r.c.RepositoryConfigurationDelegate : Bootstrapping Spring Data Redis repositories in DEFAULT mode.
2026-08-04T20:21:14.559+07:00  INFO 87376 --- [api-gateway-service] [    Test worker] .s.d.r.c.RepositoryConfigurationDelegate : Finished Spring Data repository scanning in 32 ms. Found 0 Redis repository interfaces.
2026-08-04T20:21:14.860+07:00  INFO 87376 --- [api-gateway-service] [    Test worker] o.s.cloud.context.scope.GenericScope     : BeanFactory id=31011cbb-769e-398b-b6fb-61c2f2b375c5
2026-08-04T20:21:16.063+07:00  INFO 87376 --- [api-gateway-service] [    Test worker] o.s.c.g.r.RouteDefinitionRouteLocator    : Loaded RoutePredicateFactory [After]
2026-08-04T20:21:16.064+07:00  INFO 87376 --- [api-gateway-service] [    Test worker] o.s.c.g.r.RouteDefinitionRouteLocator    : Loaded RoutePredicateFactory [Before]
2026-08-04T20:21:16.067+07:00  INFO 87376 --- [api-gateway-service] [    Test worker] o.s.c.g.r.RouteDefinitionRouteLocator    : Loaded RoutePredicateFactory [Between]
2026-08-04T20:21:16.068+07:00  INFO 87376 --- [api-gateway-service] [    Test worker] o.s.c.g.r.RouteDefinitionRouteLocator    : Loaded RoutePredicateFactory [Cookie]
2026-08-04T20:21:16.068+07:00  INFO 87376 --- [api-gateway-service] [    Test worker] o.s.c.g.r.RouteDefinitionRouteLocator    : Loaded RoutePredicateFactory [Header]
2026-08-04T20:21:16.068+07:00  INFO 87376 --- [api-gateway-service] [    Test worker] o.s.c.g.r.RouteDefinitionRouteLocator    : Loaded RoutePredicateFactory [Host]
2026-08-04T20:21:16.068+07:00  INFO 87376 --- [api-gateway-service] [    Test worker] o.s.c.g.r.RouteDefinitionRouteLocator    : Loaded RoutePredicateFactory [Method]
2026-08-04T20:21:16.068+07:00  INFO 87376 --- [api-gateway-service] [    Test worker] o.s.c.g.r.RouteDefinitionRouteLocator    : Loaded RoutePredicateFactory [Path]
2026-08-04T20:21:16.068+07:00  INFO 87376 --- [api-gateway-service] [    Test worker] o.s.c.g.r.RouteDefinitionRouteLocator    : Loaded RoutePredicateFactory [Query]
2026-08-04T20:21:16.068+07:00  INFO 87376 --- [api-gateway-service] [    Test worker] o.s.c.g.r.RouteDefinitionRouteLocator    : Loaded RoutePredicateFactory [ReadBody]
2026-08-04T20:21:16.068+07:00  INFO 87376 --- [api-gateway-service] [    Test worker] o.s.c.g.r.RouteDefinitionRouteLocator    : Loaded RoutePredicateFactory [RemoteAddr]
2026-08-04T20:21:16.068+07:00  INFO 87376 --- [api-gateway-service] [    Test worker] o.s.c.g.r.RouteDefinitionRouteLocator    : Loaded RoutePredicateFactory [XForwardedRemoteAddr]
2026-08-04T20:21:16.075+07:00  INFO 87376 --- [api-gateway-service] [    Test worker] o.s.c.g.r.RouteDefinitionRouteLocator    : Loaded RoutePredicateFactory [Weight]
2026-08-04T20:21:16.076+07:00  INFO 87376 --- [api-gateway-service] [    Test worker] o.s.c.g.r.RouteDefinitionRouteLocator    : Loaded RoutePredicateFactory [CloudFoundryRouteService]
2026-08-04T20:21:16.456+07:00  INFO 87376 --- [api-gateway-service] [    Test worker] o.s.b.a.e.web.EndpointLinksResolver      : Exposing 3 endpoint(s) beneath base path '/actuator'
2026-08-04T20:21:16.825+07:00  INFO 87376 --- [api-gateway-service] [ream-2004818446] tc.quay.io/keycloak/keycloak:26.3.0      : STDOUT: 2026-08-04 13:21:16,822 INFO  [org.keycloak.spi.infinispan.impl.embedded.JGroupsConfigurator] (main) JGroups JDBC_PING discovery enabled.
2026-08-04T20:21:16.986+07:00  INFO 87376 --- [api-gateway-service] [    Test worker] c.example.gateway.route.RouteConfigTest  : Started RouteConfigTest in 5.072 seconds (process running for 92.512)
]]></system-out>
  <system-err><![CDATA[]]></system-err>
</testsuite>
