<?xml version="1.0" encoding="UTF-8"?>
<testsuite name="com.example.gateway.integration.GatewaySecurityIntegrationTest" tests="3" skipped="0" failures="0" errors="0" timestamp="2026-08-04T13:20:50" hostname="DESKTOP-APGR6KO" time="7.328">
  <properties/>
  <testcase name="shouldDenyAccessToProtectedEndpoint_withoutToken()" classname="com.example.gateway.integration.GatewaySecurityIntegrationTest" time="5.787"/>
  <testcase name="shouldAllowPublicAccess_withoutToken()" classname="com.example.gateway.integration.GatewaySecurityIntegrationTest" time="1.38"/>
  <testcase name="shouldPropagateCorrelationId_inResponseHeader()" classname="com.example.gateway.integration.GatewaySecurityIntegrationTest" time="0.111"/>
  <system-out><![CDATA[20:19:47.194 [Test worker] INFO org.springframework.test.context.support.AnnotationConfigContextLoaderUtils -- Could not detect default configuration classes for test class [com.example.gateway.integration.GatewaySecurityIntegrationTest]: GatewaySecurityIntegrationTest does not declare any static, non-private, non-final, nested classes annotated with @Configuration.
20:19:47.502 [Test worker] INFO org.springframework.boot.test.context.SpringBootTestContextBootstrapper -- Found @SpringBootConfiguration com.example.gateway.GatewayApplication for test class com.example.gateway.integration.GatewaySecurityIntegrationTest
20:19:47.875 [Test worker] INFO org.testcontainers.images.PullPolicy -- Image pull policy will be performed by: DefaultPullPolicy()
20:19:47.885 [Test worker] INFO org.testcontainers.utility.ImageNameSubstitutor -- Image name substitution will be performed by: DefaultImageNameSubstitutor (composite of 'ConfigurationFileImageNameSubstitutor' and 'PrefixingImageNameSubstitutor')
20:19:50.036 [Test worker] INFO org.testcontainers.dockerclient.DockerClientProviderStrategy -- Found Docker environment with Environment variables, system properties and defaults. Resolved dockerHost=unix:///var/run/docker.sock
20:19:50.040 [Test worker] INFO org.testcontainers.DockerClientFactory -- Docker host IP address is localhost
20:19:50.082 [Test worker] INFO org.testcontainers.DockerClientFactory -- Connected to docker: 
  Server Version: 29.3.0
  API Version: 1.54
  Operating System: Ubuntu 24.04.4 LTS
  Total Memory: 7823 MB
20:19:50.098 [Test worker] INFO org.testcontainers.DockerClientFactory -- Checking the system...
20:19:50.099 [Test worker] INFO org.testcontainers.DockerClientFactory -- ✔︎ Docker server version should be at least 1.6.0
20:19:51.777 [Test worker] INFO tc.quay.io/keycloak/keycloak:26.3.0 -- Creating container for image: quay.io/keycloak/keycloak:26.3.0
20:19:51.794 [Test worker] INFO org.testcontainers.utility.RegistryAuthLocator -- Failure when attempting to lookup auth config. Please ignore if you don't have images in an authenticated registry. Details: (dockerImageName: quay.io/keycloak/keycloak:26.3.0, configFile: /home/lucky/.docker/config.json, configEnv: DOCKER_AUTH_CONFIG). Falling back to docker-java default behaviour. Exception message: Status 404: No config supplied. Checked in order: /home/lucky/.docker/config.json (file not found), DOCKER_AUTH_CONFIG (not set)
20:19:51.827 [Test worker] INFO tc.testcontainers/ryuk:0.6.0 -- Creating container for image: testcontainers/ryuk:0.6.0
20:19:51.828 [Test worker] INFO org.testcontainers.utility.RegistryAuthLocator -- Failure when attempting to lookup auth config. Please ignore if you don't have images in an authenticated registry. Details: (dockerImageName: testcontainers/ryuk:0.6.0, configFile: /home/lucky/.docker/config.json, configEnv: DOCKER_AUTH_CONFIG). Falling back to docker-java default behaviour. Exception message: Status 404: No config supplied. Checked in order: /home/lucky/.docker/config.json (file not found), DOCKER_AUTH_CONFIG (not set)
20:19:52.343 [Test worker] INFO tc.testcontainers/ryuk:0.6.0 -- Container testcontainers/ryuk:0.6.0 is starting: e234e289dcde9870a8fbdbd7ff36f994bd545b4cebd509e149c6c01d91be94a0
20:19:54.053 [Test worker] INFO tc.testcontainers/ryuk:0.6.0 -- Container testcontainers/ryuk:0.6.0 started in PT2.225824891S
20:19:54.567 [Test worker] INFO tc.quay.io/keycloak/keycloak:26.3.0 -- Container quay.io/keycloak/keycloak:26.3.0 is starting: b1564a2421f372cb787bfa0883fc106dc9a35b5533821b05cfc4991a085f3297
20:19:55.240 [docker-java-stream-2004818446] INFO tc.quay.io/keycloak/keycloak:26.3.0 -- STDOUT: JAVA_OPTS_KC_HEAP already set in environment; overriding default settings
20:19:58.624 [docker-java-stream-2004818446] INFO tc.quay.io/keycloak/keycloak:26.3.0 -- STDOUT: Updating the configuration and installing your custom providers, if any. Please wait.
20:20:29.645 [docker-java-stream-2004818446] INFO tc.quay.io/keycloak/keycloak:26.3.0 -- STDOUT: 2026-08-04 13:20:29,625 INFO  [io.quarkus.deployment.QuarkusAugmentor] (main) Quarkus augmentation completed in 27907ms
20:20:32.330 [docker-java-stream-2004818446] INFO tc.quay.io/keycloak/keycloak:26.3.0 -- STDOUT: Running the server in development mode. DO NOT use this configuration in production.
20:20:32.331 [Test worker] INFO tc.quay.io/keycloak/keycloak:26.3.0 -- Container quay.io/keycloak/keycloak:26.3.0 started in PT40.55342359S

  .   ____          _            __ _ _
 /\\ / ___'_ __ _ _(_)_ __  __ _ \ \ \ \
( ( )\___ | '_ | '_| | '_ \/ _` | \ \ \ \
 \\/  ___)| |_)| | | | | || (_| |  ) ) ) )
  '  |____| .__|_| |_|_| |_\__, | / / / /
 =========|_|==============|___/=/_/_/_/
 :: Spring Boot ::                (v3.2.3)

2026-08-04T20:20:33.968+07:00  INFO 87376 --- [api-gateway-service] [    Test worker] c.e.g.i.GatewaySecurityIntegrationTest   : Starting GatewaySecurityIntegrationTest using Java 21.0.11 with PID 87376 (started by lucky in /home/lucky/Project/event_ticket/services/api-gateway-service)
2026-08-04T20:20:33.972+07:00  INFO 87376 --- [api-gateway-service] [    Test worker] c.e.g.i.GatewaySecurityIntegrationTest   : No active profile set, falling back to 1 default profile: "default"
2026-08-04T20:20:39.427+07:00  INFO 87376 --- [api-gateway-service] [    Test worker] .s.d.r.c.RepositoryConfigurationDelegate : Multiple Spring Data modules found, entering strict repository configuration mode
2026-08-04T20:20:39.435+07:00  INFO 87376 --- [api-gateway-service] [    Test worker] .s.d.r.c.RepositoryConfigurationDelegate : Bootstrapping Spring Data Redis repositories in DEFAULT mode.
2026-08-04T20:20:39.538+07:00  INFO 87376 --- [api-gateway-service] [    Test worker] .s.d.r.c.RepositoryConfigurationDelegate : Finished Spring Data repository scanning in 63 ms. Found 0 Redis repository interfaces.
2026-08-04T20:20:40.977+07:00  INFO 87376 --- [api-gateway-service] [    Test worker] o.s.cloud.context.scope.GenericScope     : BeanFactory id=6f9b1191-c203-30de-960f-a0194ca92d8a
2026-08-04T20:20:47.064+07:00  INFO 87376 --- [api-gateway-service] [    Test worker] o.s.c.g.r.RouteDefinitionRouteLocator    : Loaded RoutePredicateFactory [After]
2026-08-04T20:20:47.065+07:00  INFO 87376 --- [api-gateway-service] [    Test worker] o.s.c.g.r.RouteDefinitionRouteLocator    : Loaded RoutePredicateFactory [Before]
2026-08-04T20:20:47.065+07:00  INFO 87376 --- [api-gateway-service] [    Test worker] o.s.c.g.r.RouteDefinitionRouteLocator    : Loaded RoutePredicateFactory [Between]
2026-08-04T20:20:47.066+07:00  INFO 87376 --- [api-gateway-service] [    Test worker] o.s.c.g.r.RouteDefinitionRouteLocator    : Loaded RoutePredicateFactory [Cookie]
2026-08-04T20:20:47.066+07:00  INFO 87376 --- [api-gateway-service] [    Test worker] o.s.c.g.r.RouteDefinitionRouteLocator    : Loaded RoutePredicateFactory [Header]
2026-08-04T20:20:47.066+07:00  INFO 87376 --- [api-gateway-service] [    Test worker] o.s.c.g.r.RouteDefinitionRouteLocator    : Loaded RoutePredicateFactory [Host]
2026-08-04T20:20:47.067+07:00  INFO 87376 --- [api-gateway-service] [    Test worker] o.s.c.g.r.RouteDefinitionRouteLocator    : Loaded RoutePredicateFactory [Method]
2026-08-04T20:20:47.067+07:00  INFO 87376 --- [api-gateway-service] [    Test worker] o.s.c.g.r.RouteDefinitionRouteLocator    : Loaded RoutePredicateFactory [Path]
2026-08-04T20:20:47.067+07:00  INFO 87376 --- [api-gateway-service] [    Test worker] o.s.c.g.r.RouteDefinitionRouteLocator    : Loaded RoutePredicateFactory [Query]
2026-08-04T20:20:47.068+07:00  INFO 87376 --- [api-gateway-service] [    Test worker] o.s.c.g.r.RouteDefinitionRouteLocator    : Loaded RoutePredicateFactory [ReadBody]
2026-08-04T20:20:47.068+07:00  INFO 87376 --- [api-gateway-service] [    Test worker] o.s.c.g.r.RouteDefinitionRouteLocator    : Loaded RoutePredicateFactory [RemoteAddr]
2026-08-04T20:20:47.068+07:00  INFO 87376 --- [api-gateway-service] [    Test worker] o.s.c.g.r.RouteDefinitionRouteLocator    : Loaded RoutePredicateFactory [XForwardedRemoteAddr]
2026-08-04T20:20:47.069+07:00  INFO 87376 --- [api-gateway-service] [    Test worker] o.s.c.g.r.RouteDefinitionRouteLocator    : Loaded RoutePredicateFactory [Weight]
2026-08-04T20:20:47.069+07:00  INFO 87376 --- [api-gateway-service] [    Test worker] o.s.c.g.r.RouteDefinitionRouteLocator    : Loaded RoutePredicateFactory [CloudFoundryRouteService]
2026-08-04T20:20:47.877+07:00  INFO 87376 --- [api-gateway-service] [    Test worker] o.s.b.a.e.web.EndpointLinksResolver      : Exposing 3 endpoint(s) beneath base path '/actuator'
2026-08-04T20:20:49.647+07:00  INFO 87376 --- [api-gateway-service] [    Test worker] o.s.b.web.embedded.netty.NettyWebServer  : Netty started on port 43029
2026-08-04T20:20:50.086+07:00  INFO 87376 --- [api-gateway-service] [    Test worker] c.e.g.i.GatewaySecurityIntegrationTest   : Started GatewaySecurityIntegrationTest in 17.594 seconds (process running for 65.612)
2026-08-04T20:20:54.486+07:00  INFO 87376 --- [api-gateway-service] [ream-2004818446] tc.quay.io/keycloak/keycloak:26.3.0      : STDOUT: 2026-08-04 13:20:54,468 INFO  [org.keycloak.quarkus.runtime.storage.database.liquibase.QuarkusJpaUpdaterProvider] (main) Initializing database schema. Using changelog META-INF/jpa-changelog-master.xml
2026-08-04T20:20:56.046+07:00  INFO 87376 --- [api-gateway-service] [     parallel-4] c.e.gateway.filter.RequestLoggingFilter  : [GATEWAY-REQ] CorrelationId: 1d1fdc38-9b20-4779-b84d-af6f59de1b14 | Method: GET | Path: /api/v1/events | RemoteIP: unknown
2026-08-04T20:20:56.619+07:00 ERROR 87376 --- [api-gateway-service] [or-http-epoll-3] a.w.r.e.AbstractErrorWebExceptionHandler : [7c7c4c09]  500 Server Error for HTTP GET "/api/v1/events"

io.netty.channel.AbstractChannel$AnnotatedConnectException: finishConnect(..) failed: Connection refused: localhost/127.0.0.1:8082
	Suppressed: reactor.core.publisher.FluxOnAssembly$OnAssemblyException: 
Error has been observed at the following site(s):
	*__checkpoint ⇢ org.springframework.cloud.gateway.filter.WeightCalculatorWebFilter [DefaultWebFilterChain]
	*__checkpoint ⇢ AuthorizationWebFilter [DefaultWebFilterChain]
	*__checkpoint ⇢ ExceptionTranslationWebFilter [DefaultWebFilterChain]
	*__checkpoint ⇢ LogoutWebFilter [DefaultWebFilterChain]
	*__checkpoint ⇢ ServerRequestCacheWebFilter [DefaultWebFilterChain]
	*__checkpoint ⇢ SecurityContextServerWebExchangeWebFilter [DefaultWebFilterChain]
	*__checkpoint ⇢ AuthenticationWebFilter [DefaultWebFilterChain]
	*__checkpoint ⇢ ReactorContextWebFilter [DefaultWebFilterChain]
	*__checkpoint ⇢ CorsWebFilter [DefaultWebFilterChain]
	*__checkpoint ⇢ HttpHeaderWriterWebFilter [DefaultWebFilterChain]
	*__checkpoint ⇢ ServerWebExchangeReactorContextWebFilter [DefaultWebFilterChain]
	*__checkpoint ⇢ org.springframework.security.web.server.WebFilterChainProxy [DefaultWebFilterChain]
	*__checkpoint ⇢ org.springframework.security.test.web.reactive.server.SecurityMockServerConfigurers$MutatorFilter [DefaultWebFilterChain]
	*__checkpoint ⇢ HTTP GET "/api/v1/events" [ExceptionHandlingWebHandler]
Original Stack Trace:
Caused by: java.net.ConnectException: finishConnect(..) failed: Connection refused
	at io.netty.channel.unix.Errors.newConnectException0(Errors.java:166) ~[netty-transport-native-unix-common-4.1.107.Final.jar:4.1.107.Final]
	at io.netty.channel.unix.Errors.handleConnectErrno(Errors.java:131) ~[netty-transport-native-unix-common-4.1.107.Final.jar:4.1.107.Final]
	at io.netty.channel.unix.Socket.finishConnect(Socket.java:359) ~[netty-transport-native-unix-common-4.1.107.Final.jar:4.1.107.Final]
	at io.netty.channel.epoll.AbstractEpollChannel$AbstractEpollUnsafe.doFinishConnect(AbstractEpollChannel.java:711) ~[netty-transport-classes-epoll-4.1.107.Final.jar:4.1.107.Final]
	at io.netty.channel.epoll.AbstractEpollChannel$AbstractEpollUnsafe.finishConnect(AbstractEpollChannel.java:688) ~[netty-transport-classes-epoll-4.1.107.Final.jar:4.1.107.Final]
	at io.netty.channel.epoll.AbstractEpollChannel$AbstractEpollUnsafe.epollOutReady(AbstractEpollChannel.java:567) ~[netty-transport-classes-epoll-4.1.107.Final.jar:4.1.107.Final]
	at io.netty.channel.epoll.EpollEventLoop.processReady(EpollEventLoop.java:499) ~[netty-transport-classes-epoll-4.1.107.Final.jar:4.1.107.Final]
	at io.netty.channel.epoll.EpollEventLoop.run(EpollEventLoop.java:407) ~[netty-transport-classes-epoll-4.1.107.Final.jar:4.1.107.Final]
	at io.netty.util.concurrent.SingleThreadEventExecutor$4.run(SingleThreadEventExecutor.java:997) ~[netty-common-4.1.107.Final.jar:4.1.107.Final]
	at io.netty.util.internal.ThreadExecutorMap$2.run(ThreadExecutorMap.java:74) ~[netty-common-4.1.107.Final.jar:4.1.107.Final]
	at io.netty.util.concurrent.FastThreadLocalRunnable.run(FastThreadLocalRunnable.java:30) ~[netty-common-4.1.107.Final.jar:4.1.107.Final]
	at java.base/java.lang.Thread.run(Thread.java:1583) ~[na:na]

2026-08-04T20:20:57.405+07:00  INFO 87376 --- [api-gateway-service] [     parallel-7] c.e.gateway.filter.RequestLoggingFilter  : [GATEWAY-REQ] CorrelationId: custom-trace-id-12345 | Method: GET | Path: /api/v1/events | RemoteIP: unknown
2026-08-04T20:20:57.442+07:00 ERROR 87376 --- [api-gateway-service] [or-http-epoll-4] a.w.r.e.AbstractErrorWebExceptionHandler : [68737fe5]  500 Server Error for HTTP GET "/api/v1/events"

io.netty.channel.AbstractChannel$AnnotatedConnectException: finishConnect(..) failed: Connection refused: localhost/127.0.0.1:8082
	Suppressed: reactor.core.publisher.FluxOnAssembly$OnAssemblyException: 
Error has been observed at the following site(s):
	*__checkpoint ⇢ org.springframework.cloud.gateway.filter.WeightCalculatorWebFilter [DefaultWebFilterChain]
	*__checkpoint ⇢ AuthorizationWebFilter [DefaultWebFilterChain]
	*__checkpoint ⇢ ExceptionTranslationWebFilter [DefaultWebFilterChain]
	*__checkpoint ⇢ LogoutWebFilter [DefaultWebFilterChain]
	*__checkpoint ⇢ ServerRequestCacheWebFilter [DefaultWebFilterChain]
	*__checkpoint ⇢ SecurityContextServerWebExchangeWebFilter [DefaultWebFilterChain]
	*__checkpoint ⇢ AuthenticationWebFilter [DefaultWebFilterChain]
	*__checkpoint ⇢ ReactorContextWebFilter [DefaultWebFilterChain]
	*__checkpoint ⇢ CorsWebFilter [DefaultWebFilterChain]
	*__checkpoint ⇢ HttpHeaderWriterWebFilter [DefaultWebFilterChain]
	*__checkpoint ⇢ ServerWebExchangeReactorContextWebFilter [DefaultWebFilterChain]
	*__checkpoint ⇢ org.springframework.security.web.server.WebFilterChainProxy [DefaultWebFilterChain]
	*__checkpoint ⇢ org.springframework.security.test.web.reactive.server.SecurityMockServerConfigurers$MutatorFilter [DefaultWebFilterChain]
	*__checkpoint ⇢ HTTP GET "/api/v1/events" [ExceptionHandlingWebHandler]
Original Stack Trace:
Caused by: java.net.ConnectException: finishConnect(..) failed: Connection refused
	at io.netty.channel.unix.Errors.newConnectException0(Errors.java:166) ~[netty-transport-native-unix-common-4.1.107.Final.jar:4.1.107.Final]
	at io.netty.channel.unix.Errors.handleConnectErrno(Errors.java:131) ~[netty-transport-native-unix-common-4.1.107.Final.jar:4.1.107.Final]
	at io.netty.channel.unix.Socket.finishConnect(Socket.java:359) ~[netty-transport-native-unix-common-4.1.107.Final.jar:4.1.107.Final]
	at io.netty.channel.epoll.AbstractEpollChannel$AbstractEpollUnsafe.doFinishConnect(AbstractEpollChannel.java:711) ~[netty-transport-classes-epoll-4.1.107.Final.jar:4.1.107.Final]
	at io.netty.channel.epoll.AbstractEpollChannel$AbstractEpollUnsafe.finishConnect(AbstractEpollChannel.java:688) ~[netty-transport-classes-epoll-4.1.107.Final.jar:4.1.107.Final]
	at io.netty.channel.epoll.AbstractEpollChannel$AbstractEpollUnsafe.epollOutReady(AbstractEpollChannel.java:567) ~[netty-transport-classes-epoll-4.1.107.Final.jar:4.1.107.Final]
	at io.netty.channel.epoll.EpollEventLoop.processReady(EpollEventLoop.java:499) ~[netty-transport-classes-epoll-4.1.107.Final.jar:4.1.107.Final]
	at io.netty.channel.epoll.EpollEventLoop.run(EpollEventLoop.java:407) ~[netty-transport-classes-epoll-4.1.107.Final.jar:4.1.107.Final]
	at io.netty.util.concurrent.SingleThreadEventExecutor$4.run(SingleThreadEventExecutor.java:997) ~[netty-common-4.1.107.Final.jar:4.1.107.Final]
	at io.netty.util.internal.ThreadExecutorMap$2.run(ThreadExecutorMap.java:74) ~[netty-common-4.1.107.Final.jar:4.1.107.Final]
	at io.netty.util.concurrent.FastThreadLocalRunnable.run(FastThreadLocalRunnable.java:30) ~[netty-common-4.1.107.Final.jar:4.1.107.Final]
	at java.base/java.lang.Thread.run(Thread.java:1583) ~[na:na]

]]></system-out>
  <system-err><![CDATA[WARNING: A Java agent has been loaded dynamically (/home/lucky/.gradle/caches/modules-2/files-2.1/net.bytebuddy/byte-buddy-agent/1.14.12/be4984cb6fd1ef1d11f218a648889dfda44b8a15/byte-buddy-agent-1.14.12.jar)
WARNING: If a serviceability tool is in use, please run with -XX:+EnableDynamicAgentLoading to hide this warning
WARNING: If a serviceability tool is not in use, please run with -Djdk.instrument.traceUsage for more information
WARNING: Dynamic loading of agents will be disallowed by default in a future release
]]></system-err>
</testsuite>
