<?xml version="1.0" encoding="UTF-8"?>
<testsuite name="com.example.gateway.resourceserver.ResourceServerSecurityPatternTest" tests="4" skipped="0" failures="0" errors="0" timestamp="2026-08-04T07:16:53" hostname="DESKTOP-APGR6KO" time="0.073">
  <properties/>
  <testcase name="shouldAllowAccess_whenUserOwnsResource()" classname="com.example.gateway.resourceserver.ResourceServerSecurityPatternTest" time="0.033"/>
  <testcase name="shouldThrowAccessDenied_whenUserDoesNotOwnResource()" classname="com.example.gateway.resourceserver.ResourceServerSecurityPatternTest" time="0.01"/>
  <testcase name="shouldExtractRealmAndClientRoles_fromKeycloakJwt()" classname="com.example.gateway.resourceserver.ResourceServerSecurityPatternTest" time="0.024"/>
  <testcase name="shouldAllowAdmin_toBypassOwnershipCheck()" classname="com.example.gateway.resourceserver.ResourceServerSecurityPatternTest" time="0.002"/>
  <system-out><![CDATA[]]></system-out>
  <system-err><![CDATA[]]></system-err>
</testsuite>
