<?xml version="1.0" encoding="UTF-8"?>
<testsuite name="com.example.bff.controller.AuthControllerTest" tests="7" skipped="0" failures="0" errors="0" timestamp="2026-08-04T14:35:05" hostname="DESKTOP-APGR6KO" time="0.833">
  <properties/>
  <testcase name="shouldRedirectToKeycloak_whenLoginRequested()" classname="com.example.bff.controller.AuthControllerTest" time="0.178"/>
  <testcase name="shouldRedirectToKeycloak_whenLoginEndpointRequested()" classname="com.example.bff.controller.AuthControllerTest" time="0.202"/>
  <testcase name="shouldReturn401_whenNoCookieProvided()" classname="com.example.bff.controller.AuthControllerTest" time="0.143"/>
  <testcase name="shouldRedirectToKeycloakWithGoogleIdpHint_whenGoogleLoginRequested()" classname="com.example.bff.controller.AuthControllerTest" time="0.093"/>
  <testcase name="shouldRequireCsrfToken_whenLogoutRequested()" classname="com.example.bff.controller.AuthControllerTest" time="0.053"/>
  <testcase name="shouldIncludeKcIdpHintInKeycloakAuthUrl_whenProvided()" classname="com.example.bff.controller.AuthControllerTest" time="0.043"/>
  <testcase name="shouldLogout_whenCsrfTokenProvided()" classname="com.example.bff.controller.AuthControllerTest" time="0.055"/>
  <system-out><![CDATA[2026-08-04T21:34:59.816+07:00  INFO 120455 --- [    Test worker] t.c.s.AnnotationConfigContextLoaderUtils : Could not detect default configuration classes for test class [com.example.bff.controller.AuthControllerTest]: AuthControllerTest does not declare any static, non-private, non-final, nested classes annotated with @Configuration.
2026-08-04T21:34:59.842+07:00  INFO 120455 --- [    Test worker] .b.t.c.SpringBootTestContextBootstrapper : Found @SpringBootConfiguration com.example.bff.BffApplication for test class com.example.bff.controller.AuthControllerTest

  .   ____          _            __ _ _
 /\\ / ___'_ __ _ _(_)_ __  __ _ \ \ \ \
( ( )\___ | '_ | '_| | '_ \/ _` | \ \ \ \
 \\/  ___)| |_)| | | | | || (_| |  ) ) ) )
  '  |____| .__|_| |_|_| |_\__, | / / / /
 =========|_|==============|___/=/_/_/_/
 :: Spring Boot ::                (v3.2.3)

2026-08-04T21:35:00.232+07:00  INFO 120455 --- [    Test worker] c.e.bff.controller.AuthControllerTest    : Starting AuthControllerTest using Java 21.0.11 with PID 120455 (started by lucky in /home/lucky/Project/event_ticket/services/bff-service)
2026-08-04T21:35:00.239+07:00  INFO 120455 --- [    Test worker] c.e.bff.controller.AuthControllerTest    : The following 1 profile is active: "test"
2026-08-04T21:35:02.700+07:00  INFO 120455 --- [    Test worker] .s.d.r.c.RepositoryConfigurationDelegate : Multiple Spring Data modules found, entering strict repository configuration mode
2026-08-04T21:35:02.701+07:00  INFO 120455 --- [    Test worker] .s.d.r.c.RepositoryConfigurationDelegate : Bootstrapping Spring Data Redis repositories in DEFAULT mode.
2026-08-04T21:35:02.734+07:00  INFO 120455 --- [    Test worker] .s.d.r.c.RepositoryConfigurationDelegate : Finished Spring Data repository scanning in 25 ms. Found 0 Redis repository interfaces.
2026-08-04T21:35:02.998+07:00  INFO 120455 --- [    Test worker] o.s.cloud.context.scope.GenericScope     : BeanFactory id=51bc6a19-6fc7-39b4-9d58-99f9a6e84054
2026-08-04T21:35:04.347+07:00  INFO 120455 --- [    Test worker] o.s.b.a.e.web.EndpointLinksResolver      : Exposing 1 endpoint(s) beneath base path '/actuator'
2026-08-04T21:35:04.523+07:00  INFO 120455 --- [    Test worker] o.s.s.web.DefaultSecurityFilterChain     : Will secure any request with [org.springframework.security.web.session.DisableEncodeUrlFilter@2ff30a75, org.springframework.security.web.context.request.async.WebAsyncManagerIntegrationFilter@b38dc7d, org.springframework.security.web.context.SecurityContextHolderFilter@227cba85, org.springframework.security.web.header.HeaderWriterFilter@56587330, org.springframework.web.filter.CorsFilter@746cb25d, org.springframework.security.web.csrf.CsrfFilter@1766b7, org.springframework.security.web.authentication.logout.LogoutFilter@22a5f12, org.springframework.security.oauth2.client.web.OAuth2AuthorizationRequestRedirectFilter@5cf4c93, org.springframework.security.oauth2.client.web.OAuth2LoginAuthenticationFilter@55cd41f7, org.springframework.security.web.savedrequest.RequestCacheAwareFilter@19e552a3, org.springframework.security.web.servletapi.SecurityContextHolderAwareRequestFilter@5091456c, org.springframework.security.web.authentication.AnonymousAuthenticationFilter@4b9187de, org.springframework.security.web.access.ExceptionTranslationFilter@56f3f9da, org.springframework.security.web.access.intercept.AuthorizationFilter@6b09fcda]
2026-08-04T21:35:05.194+07:00  INFO 120455 --- [    Test worker] o.s.b.t.m.w.SpringBootMockServletContext : Initializing Spring TestDispatcherServlet ''
2026-08-04T21:35:05.196+07:00  INFO 120455 --- [    Test worker] o.s.t.web.servlet.TestDispatcherServlet  : Initializing Servlet ''
2026-08-04T21:35:05.200+07:00  INFO 120455 --- [    Test worker] o.s.t.web.servlet.TestDispatcherServlet  : Completed initialization in 3 ms
2026-08-04T21:35:05.638+07:00  INFO 120455 --- [    Test worker] c.e.bff.controller.AuthControllerTest    : Started AuthControllerTest in 5.754 seconds (process running for 39.962)
]]></system-out>
  <system-err><![CDATA[]]></system-err>
</testsuite>
