<?xml version="1.0" encoding="UTF-8"?>
<testsuite name="com.example.bff.controller.AdminIdentityControllerTest" tests="6" skipped="0" failures="0" errors="0" timestamp="2026-08-04T14:34:58" hostname="DESKTOP-APGR6KO" time="1.748">
  <properties/>
  <testcase name="logoutAll_whenAdmin_returns200Ok()" classname="com.example.bff.controller.AdminIdentityControllerTest" time="1.202"/>
  <testcase name="resetPassword_whenAdmin_returns200Ok()" classname="com.example.bff.controller.AdminIdentityControllerTest" time="0.231"/>
  <testcase name="updateRoles_whenNonAdmin_returns403Forbidden()" classname="com.example.bff.controller.AdminIdentityControllerTest" time="0.103"/>
  <testcase name="updateRoles_whenAdmin_returns200Ok()" classname="com.example.bff.controller.AdminIdentityControllerTest" time="0.055"/>
  <testcase name="resetPassword_whenStaff_returns403Forbidden()" classname="com.example.bff.controller.AdminIdentityControllerTest" time="0.056"/>
  <testcase name="updateRoles_whenLdapUser_returns400BadRequest()" classname="com.example.bff.controller.AdminIdentityControllerTest" time="0.061"/>
  <system-out><![CDATA[21:34:28.239 [Test worker] INFO org.springframework.test.context.support.AnnotationConfigContextLoaderUtils -- Could not detect default configuration classes for test class [com.example.bff.controller.AdminIdentityControllerTest]: AdminIdentityControllerTest does not declare any static, non-private, non-final, nested classes annotated with @Configuration.
21:34:29.083 [Test worker] INFO org.springframework.boot.test.context.SpringBootTestContextBootstrapper -- Found @SpringBootConfiguration com.example.bff.BffApplication for test class com.example.bff.controller.AdminIdentityControllerTest

  .   ____          _            __ _ _
 /\\ / ___'_ __ _ _(_)_ __  __ _ \ \ \ \
( ( )\___ | '_ | '_| | '_ \/ _` | \ \ \ \
 \\/  ___)| |_)| | | | | || (_| |  ) ) ) )
  '  |____| .__|_| |_|_| |_\__, | / / / /
 =========|_|==============|___/=/_/_/_/
 :: Spring Boot ::                (v3.2.3)

2026-08-04T21:34:30.653+07:00  INFO 120455 --- [    Test worker] c.e.b.c.AdminIdentityControllerTest      : Starting AdminIdentityControllerTest using Java 21.0.11 with PID 120455 (started by lucky in /home/lucky/Project/event_ticket/services/bff-service)
2026-08-04T21:34:30.657+07:00  INFO 120455 --- [    Test worker] c.e.b.c.AdminIdentityControllerTest      : The following 1 profile is active: "test"
2026-08-04T21:34:33.833+07:00  INFO 120455 --- [    Test worker] .s.d.r.c.RepositoryConfigurationDelegate : Multiple Spring Data modules found, entering strict repository configuration mode
2026-08-04T21:34:33.841+07:00  INFO 120455 --- [    Test worker] .s.d.r.c.RepositoryConfigurationDelegate : Bootstrapping Spring Data Redis repositories in DEFAULT mode.
2026-08-04T21:34:33.965+07:00  INFO 120455 --- [    Test worker] .s.d.r.c.RepositoryConfigurationDelegate : Finished Spring Data repository scanning in 68 ms. Found 0 Redis repository interfaces.
2026-08-04T21:34:35.952+07:00  INFO 120455 --- [    Test worker] o.s.cloud.context.scope.GenericScope     : BeanFactory id=2fda02f7-c218-33b6-910c-a73c98cabed2
2026-08-04T21:34:52.540+07:00  INFO 120455 --- [    Test worker] o.s.b.a.e.web.EndpointLinksResolver      : Exposing 1 endpoint(s) beneath base path '/actuator'
2026-08-04T21:34:53.257+07:00  INFO 120455 --- [    Test worker] o.s.s.web.DefaultSecurityFilterChain     : Will secure any request with [org.springframework.security.web.session.DisableEncodeUrlFilter@9fd5dd0, org.springframework.security.web.context.request.async.WebAsyncManagerIntegrationFilter@4e7b89b6, org.springframework.security.web.context.SecurityContextHolderFilter@1eda12b3, org.springframework.security.web.header.HeaderWriterFilter@938e54a, org.springframework.web.filter.CorsFilter@7f65639e, org.springframework.security.web.csrf.CsrfFilter@1516f497, org.springframework.security.web.authentication.logout.LogoutFilter@56bf6f1e, org.springframework.security.oauth2.client.web.OAuth2AuthorizationRequestRedirectFilter@7be85f15, org.springframework.security.oauth2.client.web.OAuth2LoginAuthenticationFilter@78a7fccd, org.springframework.security.web.savedrequest.RequestCacheAwareFilter@193792e6, org.springframework.security.web.servletapi.SecurityContextHolderAwareRequestFilter@21f9a305, org.springframework.security.web.authentication.AnonymousAuthenticationFilter@673fdc28, org.springframework.security.web.access.ExceptionTranslationFilter@489c15e2, org.springframework.security.web.access.intercept.AuthorizationFilter@60510791]
2026-08-04T21:34:56.622+07:00  INFO 120455 --- [    Test worker] o.s.b.t.m.w.SpringBootMockServletContext : Initializing Spring TestDispatcherServlet ''
2026-08-04T21:34:56.623+07:00  INFO 120455 --- [    Test worker] o.s.t.web.servlet.TestDispatcherServlet  : Initializing Servlet ''
2026-08-04T21:34:56.628+07:00  INFO 120455 --- [    Test worker] o.s.t.web.servlet.TestDispatcherServlet  : Completed initialization in 4 ms
2026-08-04T21:34:57.585+07:00  INFO 120455 --- [    Test worker] c.e.b.c.AdminIdentityControllerTest      : Started AdminIdentityControllerTest in 27.945 seconds (process running for 31.908)
]]></system-out>
  <system-err><![CDATA[WARNING: A Java agent has been loaded dynamically (/home/lucky/.gradle/caches/modules-2/files-2.1/net.bytebuddy/byte-buddy-agent/1.14.12/be4984cb6fd1ef1d11f218a648889dfda44b8a15/byte-buddy-agent-1.14.12.jar)
WARNING: If a serviceability tool is in use, please run with -XX:+EnableDynamicAgentLoading to hide this warning
WARNING: If a serviceability tool is not in use, please run with -Djdk.instrument.traceUsage for more information
WARNING: Dynamic loading of agents will be disallowed by default in a future release
]]></system-err>
</testsuite>
