<?xml version="1.0" encoding="UTF-8"?>
<testsuite name="com.example.bff.controller.UserSessionControllerTest" tests="5" skipped="0" failures="0" errors="0" timestamp="2026-08-04T14:54:51" hostname="DESKTOP-APGR6KO" time="0.235">
  <properties/>
  <testcase name="getCurrentUser_whenGoogleOAuth2User_returnsProfile()" classname="com.example.bff.controller.UserSessionControllerTest" time="0.082"/>
  <testcase name="getCurrentUser_whenLocaleMissing_defaultsToVietnamese()" classname="com.example.bff.controller.UserSessionControllerTest" time="0.039"/>
  <testcase name="logoutAllDevices_whenAuthenticated_callsLogoutAndClearsSession()" classname="com.example.bff.controller.UserSessionControllerTest" time="0.04"/>
  <testcase name="getCurrentUser_whenAuthenticated_returnsProfileWithLocaleAndBirthYear()" classname="com.example.bff.controller.UserSessionControllerTest" time="0.039"/>
  <testcase name="getCurrentUser_whenUnauthenticated_returns401Unauthorized()" classname="com.example.bff.controller.UserSessionControllerTest" time="0.015"/>
  <system-out><![CDATA[2026-08-04T21:54:47.855+07:00  INFO 127586 --- [    Test worker] t.c.s.AnnotationConfigContextLoaderUtils : Could not detect default configuration classes for test class [com.example.bff.controller.UserSessionControllerTest]: UserSessionControllerTest does not declare any static, non-private, non-final, nested classes annotated with @Configuration.
2026-08-04T21:54:47.864+07:00  INFO 127586 --- [    Test worker] .b.t.c.SpringBootTestContextBootstrapper : Found @SpringBootConfiguration com.example.bff.BffApplication for test class com.example.bff.controller.UserSessionControllerTest

  .   ____          _            __ _ _
 /\\ / ___'_ __ _ _(_)_ __  __ _ \ \ \ \
( ( )\___ | '_ | '_| | '_ \/ _` | \ \ \ \
 \\/  ___)| |_)| | | | | || (_| |  ) ) ) )
  '  |____| .__|_| |_|_| |_\__, | / / / /
 =========|_|==============|___/=/_/_/_/
 :: Spring Boot ::                (v3.2.3)

2026-08-04T21:54:48.225+07:00  INFO 127586 --- [    Test worker] c.e.b.c.UserSessionControllerTest        : Starting UserSessionControllerTest using Java 21.0.11 with PID 127586 (started by lucky in /home/lucky/Project/event_ticket/services/bff-service)
2026-08-04T21:54:48.231+07:00  INFO 127586 --- [    Test worker] c.e.b.c.UserSessionControllerTest        : The following 1 profile is active: "test"
2026-08-04T21:54:49.567+07:00  INFO 127586 --- [    Test worker] .s.d.r.c.RepositoryConfigurationDelegate : Multiple Spring Data modules found, entering strict repository configuration mode
2026-08-04T21:54:49.568+07:00  INFO 127586 --- [    Test worker] .s.d.r.c.RepositoryConfigurationDelegate : Bootstrapping Spring Data Redis repositories in DEFAULT mode.
2026-08-04T21:54:49.588+07:00  INFO 127586 --- [    Test worker] .s.d.r.c.RepositoryConfigurationDelegate : Finished Spring Data repository scanning in 19 ms. Found 0 Redis repository interfaces.
2026-08-04T21:54:49.723+07:00  INFO 127586 --- [    Test worker] o.s.cloud.context.scope.GenericScope     : BeanFactory id=51bc6a19-6fc7-39b4-9d58-99f9a6e84054
2026-08-04T21:54:50.509+07:00  INFO 127586 --- [    Test worker] o.s.b.a.e.web.EndpointLinksResolver      : Exposing 1 endpoint(s) beneath base path '/actuator'
2026-08-04T21:54:50.573+07:00  INFO 127586 --- [    Test worker] o.s.s.web.DefaultSecurityFilterChain     : Will secure any request with [org.springframework.security.web.session.DisableEncodeUrlFilter@edfe8d, org.springframework.security.web.context.request.async.WebAsyncManagerIntegrationFilter@1761b129, org.springframework.security.web.context.SecurityContextHolderFilter@15c0c274, org.springframework.security.web.header.HeaderWriterFilter@58435220, org.springframework.web.filter.CorsFilter@21d131e7, org.springframework.security.web.csrf.CsrfFilter@3052ce36, org.springframework.security.web.authentication.logout.LogoutFilter@7263ad06, org.springframework.security.oauth2.client.web.OAuth2AuthorizationRequestRedirectFilter@2ba3b4a6, org.springframework.security.oauth2.client.web.OAuth2LoginAuthenticationFilter@44473749, org.springframework.security.web.savedrequest.RequestCacheAwareFilter@33458d84, org.springframework.security.web.servletapi.SecurityContextHolderAwareRequestFilter@23338420, org.springframework.security.web.authentication.AnonymousAuthenticationFilter@5c51a7eb, org.springframework.security.web.access.ExceptionTranslationFilter@6eefc125, org.springframework.security.web.access.intercept.AuthorizationFilter@5278bc6d]
2026-08-04T21:54:51.025+07:00  INFO 127586 --- [    Test worker] o.s.b.t.m.w.SpringBootMockServletContext : Initializing Spring TestDispatcherServlet ''
2026-08-04T21:54:51.025+07:00  INFO 127586 --- [    Test worker] o.s.t.web.servlet.TestDispatcherServlet  : Initializing Servlet ''
2026-08-04T21:54:51.029+07:00  INFO 127586 --- [    Test worker] o.s.t.web.servlet.TestDispatcherServlet  : Completed initialization in 3 ms
2026-08-04T21:54:51.196+07:00  INFO 127586 --- [    Test worker] c.e.b.c.UserSessionControllerTest        : Started UserSessionControllerTest in 3.321 seconds (process running for 44.896)
]]></system-out>
  <system-err><![CDATA[]]></system-err>
</testsuite>
